[DEBUG] 2019-03-68 22:32:36.889 [main] StudentDaoJdbc - trying to get Connection
[DEBUG] 2019-03-68 22:33:40.413 [main] StudentDaoJdbc - trying to get Connection
[INFO ] 2019-03-68 23:14:27.587 [main] StudentDaoJdbc - Finding student by id: 1
[DEBUG] 2019-03-68 23:14:27.591 [main] StudentDaoJdbc - trying to get Connection and PreparedStatement
[DEBUG] 2019-03-68 23:14:27.694 [main] StudentDaoJdbc - trying to get ResultSet
[TRACE] 2019-03-68 23:14:27.702 [main] StudentDaoJdbc - Getting student from ResultSet
[TRACE] 2019-03-68 23:14:27.703 [main] StudentDaoJdbc - return student
[INFO ] 2019-03-68 23:50:40.161 [main] StudentDaoJdbc - Finding student by id: 1
[DEBUG] 2019-03-68 23:50:40.164 [main] StudentDaoJdbc - trying to get Connection and PreparedStatement
[INFO ] 2019-03-68 23:50:40.168 [main] ConnectionFactory - Gettig connection
[TRACE] 2019-03-68 23:50:40.168 [main] ConnectionFactory - checking properties on null
[DEBUG] 2019-03-68 23:50:40.168 [main] ConnectionFactory - setting properties
[INFO ] 2019-03-68 23:50:40.169 [main] ConnectionJdbcProperties - Getting properties for jdbc connection
[DEBUG] 2019-03-68 23:50:40.169 [main] ConnectionJdbcProperties - trying to read properties from file - properties/connectionJdbc.properties
[TRACE] 2019-03-68 23:50:40.170 [main] ConnectionJdbcProperties - loading properties to Properties object
[TRACE] 2019-03-68 23:50:40.170 [main] ConnectionJdbcProperties - return properties
[DEBUG] 2019-03-68 23:50:40.170 [main] ConnectionFactory - finding jdbc driver
[DEBUG] 2019-03-68 23:50:40.175 [main] ConnectionFactory - getting connection from DriverManager
[DEBUG] 2019-03-68 23:50:40.266 [main] StudentDaoJdbc - trying to get ResultSet
[DEBUG] 2019-03-68 23:50:40.275 [main] StudentDaoJdbc - Getting student from ResultSet
[TRACE] 2019-03-68 23:50:40.276 [main] StudentDaoJdbc - return student
